This is pdfTeX, Version 3.1415926-2.5-1.40.14 (TeX Live 2013) (format=pdflatex 2013.5.30)  9 SEP 2013 22:24
entering extended mode
 restricted \write18 enabled.
 %&-line parsing enabled.
**WriteUp1.tex
(./WriteUp1.tex
LaTeX2e <2011/06/27>
Babel <3.9f> and hyphenation patterns for 78 languages loaded.
(/usr/local/texlive/2013/texmf-dist/tex/latex/base/article.cls
Document Class: article 2007/10/19 v1.4h Standard LaTeX document class
(/usr/local/texlive/2013/texmf-dist/tex/latex/base/size10.clo
File: size10.clo 2007/10/19 v1.4h Standard LaTeX file (size option)
)
\c@part=\count79
\c@section=\count80
\c@subsection=\count81
\c@subsubsection=\count82
\c@paragraph=\count83
\c@subparagraph=\count84
\c@figure=\count85
\c@table=\count86
\abovecaptionskip=\skip41
\belowcaptionskip=\skip42
\bibindent=\dimen102
)
(/usr/local/texlive/2013/texmf-dist/tex/latex/graphics/graphicx.sty
Package: graphicx 1999/02/16 v1.0f Enhanced LaTeX Graphics (DPC,SPQR)

(/usr/local/texlive/2013/texmf-dist/tex/latex/graphics/keyval.sty
Package: keyval 1999/03/16 v1.13 key=value parser (DPC)
\KV@toks@=\toks14
)
(/usr/local/texlive/2013/texmf-dist/tex/latex/graphics/graphics.sty
Package: graphics 2009/02/05 v1.0o Standard LaTeX Graphics (DPC,SPQR)

(/usr/local/texlive/2013/texmf-dist/tex/latex/graphics/trig.sty
Package: trig 1999/03/16 v1.09 sin cos tan (DPC)
)
(/usr/local/texlive/2013/texmf-dist/tex/latex/latexconfig/graphics.cfg
File: graphics.cfg 2010/04/23 v1.9 graphics configuration of TeX Live
)
Package graphics Info: Driver file: pdftex.def on input line 91.

(/usr/local/texlive/2013/texmf-dist/tex/latex/pdftex-def/pdftex.def
File: pdftex.def 2011/05/27 v0.06d Graphics/color for pdfTeX

(/usr/local/texlive/2013/texmf-dist/tex/generic/oberdiek/infwarerr.sty
Package: infwarerr 2010/04/08 v1.3 Providing info/warning/error messages (HO)
)
(/usr/local/texlive/2013/texmf-dist/tex/generic/oberdiek/ltxcmds.sty
Package: ltxcmds 2011/11/09 v1.22 LaTeX kernel commands for general use (HO)
)
\Gread@gobject=\count87
))
\Gin@req@height=\dimen103
\Gin@req@width=\dimen104
)
(/usr/local/texlive/2013/texmf-dist/tex/latex/float/float.sty
Package: float 2001/11/08 v1.3d Float enhancements (AL)
\c@float@type=\count88
\float@exts=\toks15
\float@box=\box26
\@float@everytoks=\toks16
\@floatcapt=\box27
)
(/usr/local/texlive/2013/texmf-dist/tex/latex/preprint/fullpage.sty
Package: fullpage 1999/02/23 1.1 (PWD)
\FP@margin=\skip43
)
(./WriteUp1.aux)
\openout1 = `WriteUp1.aux'.

LaTeX Font Info:    Checking defaults for OML/cmm/m/it on input line 6.
LaTeX Font Info:    ... okay on input line 6.
LaTeX Font Info:    Checking defaults for T1/cmr/m/n on input line 6.
LaTeX Font Info:    ... okay on input line 6.
LaTeX Font Info:    Checking defaults for OT1/cmr/m/n on input line 6.
LaTeX Font Info:    ... okay on input line 6.
LaTeX Font Info:    Checking defaults for OMS/cmsy/m/n on input line 6.
LaTeX Font Info:    ... okay on input line 6.
LaTeX Font Info:    Checking defaults for OMX/cmex/m/n on input line 6.
LaTeX Font Info:    ... okay on input line 6.
LaTeX Font Info:    Checking defaults for U/cmr/m/n on input line 6.
LaTeX Font Info:    ... okay on input line 6.

(/usr/local/texlive/2013/texmf-dist/tex/context/base/supp-pdf.mkii
[Loading MPS to PDF converter (version 2006.09.02).]
\scratchcounter=\count89
\scratchdimen=\dimen105
\scratchbox=\box28
\nofMPsegments=\count90
\nofMParguments=\count91
\everyMPshowfont=\toks17
\MPscratchCnt=\count92
\MPscratchDim=\dimen106
\MPnumerator=\count93
\makeMPintoPDFobject=\count94
\everyMPtoPDFconversion=\toks18
) (/usr/local/texlive/2013/texmf-dist/tex/generic/oberdiek/pdftexcmds.sty
Package: pdftexcmds 2011/11/29 v0.20 Utility functions of pdfTeX for LuaTeX (HO
)

(/usr/local/texlive/2013/texmf-dist/tex/generic/oberdiek/ifluatex.sty
Package: ifluatex 2010/03/01 v1.3 Provides the ifluatex switch (HO)
Package ifluatex Info: LuaTeX not detected.
)
(/usr/local/texlive/2013/texmf-dist/tex/generic/oberdiek/ifpdf.sty
Package: ifpdf 2011/01/30 v2.3 Provides the ifpdf switch (HO)
Package ifpdf Info: pdfTeX in PDF mode is detected.
)
Package pdftexcmds Info: LuaTeX not detected.
Package pdftexcmds Info: \pdf@primitive is available.
Package pdftexcmds Info: \pdf@ifprimitive is available.
Package pdftexcmds Info: \pdfdraftmode found.
)
(/usr/local/texlive/2013/texmf-dist/tex/latex/oberdiek/epstopdf-base.sty
Package: epstopdf-base 2010/02/09 v2.5 Base part for package epstopdf

(/usr/local/texlive/2013/texmf-dist/tex/latex/oberdiek/grfext.sty
Package: grfext 2010/08/19 v1.1 Manage graphics extensions (HO)

(/usr/local/texlive/2013/texmf-dist/tex/generic/oberdiek/kvdefinekeys.sty
Package: kvdefinekeys 2011/04/07 v1.3 Define keys (HO)
))
(/usr/local/texlive/2013/texmf-dist/tex/latex/oberdiek/kvoptions.sty
Package: kvoptions 2011/06/30 v3.11 Key value format for package options (HO)

(/usr/local/texlive/2013/texmf-dist/tex/generic/oberdiek/kvsetkeys.sty
Package: kvsetkeys 2012/04/25 v1.16 Key value parser (HO)

(/usr/local/texlive/2013/texmf-dist/tex/generic/oberdiek/etexcmds.sty
Package: etexcmds 2011/02/16 v1.5 Avoid name clashes with e-TeX commands (HO)
Package etexcmds Info: Could not find \expanded.
(etexcmds)             That can mean that you are not using pdfTeX 1.50 or
(etexcmds)             that some package has redefined \expanded.
(etexcmds)             In the latter case, load this package earlier.
)))
Package grfext Info: Graphics extension search list:
(grfext)             [.png,.pdf,.jpg,.mps,.jpeg,.jbig2,.jb2,.PNG,.PDF,.JPG,.JPE
G,.JBIG2,.JB2,.eps]
(grfext)             \AppendGraphicsExtensions on input line 452.

(/usr/local/texlive/2013/texmf-dist/tex/latex/latexconfig/epstopdf-sys.cfg
File: epstopdf-sys.cfg 2010/07/13 v1.3 Configuration of (r)epstopdf for TeX Liv
e
))
LaTeX Font Info:    External font `cmex10' loaded for size
(Font)              <12> on input line 11.
LaTeX Font Info:    External font `cmex10' loaded for size
(Font)              <8> on input line 11.
LaTeX Font Info:    External font `cmex10' loaded for size
(Font)              <6> on input line 11.

<../lab1_data/lab1_3a.PNG, id=1, 374.90062pt x 198.7425pt>
File: ../lab1_data/lab1_3a.PNG Graphic file (type png)

<use ../lab1_data/lab1_3a.PNG>
Package pdftex.def Info: ../lab1_data/lab1_3a.PNG used on input line 21.
(pdftex.def)             Requested size: 374.8997pt x 198.742pt.
 [1

{/usr/local/texlive/2013/texmf-var/fonts/map/pdftex/updmap/pdftex.map} <../lab1
_data/lab1_3a.PNG>]
<../lab1_data/lab1_4a.PNG, id=14, 374.14781pt x 193.47281pt>
File: ../lab1_data/lab1_4a.PNG Graphic file (type png)

<use ../lab1_data/lab1_4a.PNG>
Package pdftex.def Info: ../lab1_data/lab1_4a.PNG used on input line 32.
(pdftex.def)             Requested size: 374.14688pt x 193.47234pt.
LaTeX Font Info:    External font `cmex10' loaded for size
(Font)              <7> on input line 37.
LaTeX Font Info:    External font `cmex10' loaded for size
(Font)              <5> on input line 37.

<../lab1_data/lab1_4b.PNG, id=15, 373.395pt x 190.46156pt>
File: ../lab1_data/lab1_4b.PNG Graphic file (type png)

<use ../lab1_data/lab1_4b.PNG>
Package pdftex.def Info: ../lab1_data/lab1_4b.PNG used on input line 46.
(pdftex.def)             Requested size: 373.39409pt x 190.46107pt.
 [2 <../lab1_data/lab1_4a.PNG> <../lab1_data/lab1_4b.PNG>] <../lab1_data/lab1_5
b.PNG, id=21, 469.755pt x 353.82187pt>
File: ../lab1_data/lab1_5b.PNG Graphic file (type png)

<use ../lab1_data/lab1_5b.PNG>
Package pdftex.def Info: ../lab1_data/lab1_5b.PNG used on input line 61.
(pdftex.def)             Requested size: 187.89867pt x 141.52623pt.

<../lab1_data/lab1_5c.PNG, id=22, 465.23813pt x 362.85562pt>
File: ../lab1_data/lab1_5c.PNG Graphic file (type png)

<use ../lab1_data/lab1_5c.PNG>
Package pdftex.def Info: ../lab1_data/lab1_5c.PNG used on input line 62.
(pdftex.def)             Requested size: 186.09195pt x 145.13968pt.
 [3 <../lab1_data/lab1_5b.PNG> <../lab1_data/lab1_5c.PNG>] [4] <../lab1_data/la
b1_6e.PNG, id=37, 287.57437pt x 261.22594pt>
File: ../lab1_data/lab1_6e.PNG Graphic file (type png)

<use ../lab1_data/lab1_6e.PNG>
Package pdftex.def Info: ../lab1_data/lab1_6e.PNG used on input line 125.
(pdftex.def)             Requested size: 287.57367pt x 261.22528pt.

<../lab1_data/lab1_7a.PNG, id=38, 307.1475pt x 117.43875pt>
File: ../lab1_data/lab1_7a.PNG Graphic file (type png)

<use ../lab1_data/lab1_7a.PNG>
Package pdftex.def Info: ../lab1_data/lab1_7a.PNG used on input line 132.
(pdftex.def)             Requested size: 307.14674pt x 117.43845pt.

<../lab1_data/lab1_7b.PNG, id=39, 392.96812pt x 191.9672pt>
File: ../lab1_data/lab1_7b.PNG Graphic file (type png)

<use ../lab1_data/lab1_7b.PNG>
Package pdftex.def Info: ../lab1_data/lab1_7b.PNG used on input line 133.
(pdftex.def)             Requested size: 392.96715pt x 191.96672pt.
 [5 <../lab1_data/lab1_6e.PNG>]
<../lab1_data/lab1_8a.PNG, id=44, 288.3272pt x 82.05656pt>
File: ../lab1_data/lab1_8a.PNG Graphic file (type png)

<use ../lab1_data/lab1_8a.PNG>
Package pdftex.def Info: ../lab1_data/lab1_8a.PNG used on input line 146.
(pdftex.def)             Requested size: 288.32648pt x 82.05635pt.
 [6 <../lab1_data/lab1_7a.PNG> <../lab1_data/lab1_7b.PNG>] [7 <../lab1_data/lab
1_8a.PNG>] (./WriteUp1.aux) ) 
Here is how much of TeX's memory you used:
 1613 strings out of 493315
 23715 string characters out of 6137904
 82595 words of memory out of 5000000
 5057 multiletter control sequences out of 15000+600000
 7895 words of font info for 28 fonts, out of 8000000 for 9000
 957 hyphenation exceptions out of 8191
 37i,7n,23p,643b,221s stack positions out of 5000i,500n,10000p,200000b,80000s
</usr/local/texlive/2013/texmf-dist/fonts/type1/pu
blic/amsfonts/cm/cmbx10.pfb></usr/local/texlive/2013/texmf-dist/fonts/type1/pub
lic/amsfonts/cm/cmbx12.pfb></usr/local/texlive/2013/texmf-dist/fonts/type1/publ
ic/amsfonts/cm/cmex10.pfb></usr/local/texlive/2013/texmf-dist/fonts/type1/publi
c/amsfonts/cm/cmmi10.pfb></usr/local/texlive/2013/texmf-dist/fonts/type1/public
/amsfonts/cm/cmmi5.pfb></usr/local/texlive/2013/texmf-dist/fonts/type1/public/a
msfonts/cm/cmmi7.pfb></usr/local/texlive/2013/texmf-dist/fonts/type1/public/ams
fonts/cm/cmr10.pfb></usr/local/texlive/2013/texmf-dist/fonts/type1/public/amsfo
nts/cm/cmr12.pfb></usr/local/texlive/2013/texmf-dist/fonts/type1/public/amsfont
s/cm/cmr17.pfb></usr/local/texlive/2013/texmf-dist/fonts/type1/public/amsfonts/
cm/cmr7.pfb></usr/local/texlive/2013/texmf-dist/fonts/type1/public/amsfonts/cm/
cmsy10.pfb></usr/local/texlive/2013/texmf-dist/fonts/type1/public/amsfonts/cm/c
msy7.pfb>
Output written on WriteUp1.pdf (7 pages, 228153 bytes).
PDF statistics:
 95 PDF objects out of 1000 (max. 8388607)
 55 compressed objects within 1 object stream
 0 named destinations out of 1000 (max. 500000)
 46 words of extra memory for PDF output out of 10000 (max. 10000000)

